<?xml version="1.0" encoding="UTF-8"?><testrun name="Snippet.genFile" project="e3-item-web" tests="1" started="1" failures="0" errors="1" ignored="0">
  <testcase name="genFile" classname="snippet.Snippet" time="0.199">
    <error>freemarker.core.ParseException: Syntax error in template "student.ftl" in line 31, column 12:
Encountered "&gt;", but was expecting one of:&#13;
    ".."&#13;
    &lt;DOT_DOT_LESS&gt;&#13;
    "..*"&#13;
    "}"&#13;
    "."&#13;
    "["&#13;
    "("&#13;
    "?"&#13;
    "!"&#13;
    &lt;TERMINATING_EXCLAM&gt;&#13;
    "??"&#13;
    "+"&#13;
    "-"&#13;
    "*"&#13;
    "/"&#13;
    "%"&#13;
    "!="&#13;
    "="&#13;
    "=="&#13;
    &lt;AND&gt;&#13;
    &lt;OR&gt;&#13;
	at freemarker.core.FMParser.generateParseException(FMParser.java:5251)&#13;
	at freemarker.core.FMParser.jj_consume_token(FMParser.java:5122)&#13;
	at freemarker.core.FMParser.StringOutput(FMParser.java:1243)&#13;
	at freemarker.core.FMParser.MixedContent(FMParser.java:3036)&#13;
	at freemarker.core.FMParser.OptionalBlock(FMParser.java:3253)&#13;
	at freemarker.core.FMParser.Root(FMParser.java:3432)&#13;
	at freemarker.template.Template.&lt;init&gt;(Template.java:208)&#13;
	at freemarker.cache.TemplateCache.loadTemplate(TemplateCache.java:495)&#13;
	at freemarker.cache.TemplateCache.getTemplate(TemplateCache.java:409)&#13;
	at freemarker.cache.TemplateCache.getTemplate(TemplateCache.java:261)&#13;
	at freemarker.template.Configuration.getTemplate(Configuration.java:1786)&#13;
	at freemarker.template.Configuration.getTemplate(Configuration.java:1646)&#13;
	at snippet.Snippet.genFile(Snippet.java:30)&#13;
	at sun.reflect.NativeMethodAccessorImpl.invoke0(Native Method)&#13;
	at sun.reflect.NativeMethodAccessorImpl.invoke(NativeMethodAccessorImpl.java:57)&#13;
	at sun.reflect.DelegatingMethodAccessorImpl.invoke(DelegatingMethodAccessorImpl.java:43)&#13;
	at java.lang.reflect.Method.invoke(Method.java:606)&#13;
	at org.junit.runners.model.FrameworkMethod$1.runReflectiveCall(FrameworkMethod.java:50)&#13;
	at org.junit.internal.runners.model.ReflectiveCallable.run(ReflectiveCallable.java:12)&#13;
	at org.junit.runners.model.FrameworkMethod.invokeExplosively(FrameworkMethod.java:47)&#13;
	at org.junit.internal.runners.statements.InvokeMethod.evaluate(InvokeMethod.java:17)&#13;
	at org.junit.runners.ParentRunner.runLeaf(ParentRunner.java:325)&#13;
	at org.junit.runners.BlockJUnit4ClassRunner.runChild(BlockJUnit4ClassRunner.java:78)&#13;
	at org.junit.runners.BlockJUnit4ClassRunner.runChild(BlockJUnit4ClassRunner.java:57)&#13;
	at org.junit.runners.ParentRunner$3.run(ParentRunner.java:290)&#13;
	at org.junit.runners.ParentRunner$1.schedule(ParentRunner.java:71)&#13;
	at org.junit.runners.ParentRunner.runChildren(ParentRunner.java:288)&#13;
	at org.junit.runners.ParentRunner.access$000(ParentRunner.java:58)&#13;
	at org.junit.runners.ParentRunner$2.evaluate(ParentRunner.java:268)&#13;
	at org.junit.runners.ParentRunner.run(ParentRunner.java:363)&#13;
	at org.eclipse.jdt.internal.junit4.runner.JUnit4TestReference.run(JUnit4TestReference.java:86)&#13;
	at org.eclipse.jdt.internal.junit.runner.TestExecution.run(TestExecution.java:38)&#13;
	at org.eclipse.jdt.internal.junit.runner.RemoteTestRunner.runTests(RemoteTestRunner.java:459)&#13;
	at org.eclipse.jdt.internal.junit.runner.RemoteTestRunner.runTests(RemoteTestRunner.java:675)&#13;
	at org.eclipse.jdt.internal.junit.runner.RemoteTestRunner.run(RemoteTestRunner.java:382)&#13;
	at org.eclipse.jdt.internal.junit.runner.RemoteTestRunner.main(RemoteTestRunner.java:192)&#13;
&#13;
</error>
  </testcase>
</testrun>
